08-15-2020 12:18:43.009 INFO  com.sanjayautomation.recipebook.testcases.TestShoppingListPage - beforeClass - Application launched successfully
08-15-2020 12:18:43.071 INFO  com.sanjayautomation.recipebook.utilities.WebEventListener - beforeClickOn - Trying to click on: [[ChromeDriver: chrome on MAC (ab918d6647ac22fe3070cc078e6641a6)] -> xpath: //a[contains(text(), 'Shopping List')]]
08-15-2020 12:18:43.430 INFO  com.sanjayautomation.recipebook.utilities.WebEventListener - beforeClickOn - Trying to click on: [[ChromeDriver: chrome on MAC (ab918d6647ac22fe3070cc078e6641a6)] -> xpath: //button[contains(text(),'Add')]]
08-15-2020 12:18:43.532 INFO  com.sanjayautomation.recipebook.testcases.TestShoppingListPage - test_shouldAddNewIngredient_whenValidNameAndAmountEntered - Test passed
08-15-2020 12:18:43.748 INFO  com.sanjayautomation.recipebook.testcases.TestShoppingListPage - tearDown - Browser terminated
08-15-2020 12:18:43.748 INFO  com.sanjayautomation.recipebook.testcases.TestShoppingListPage - tearDown - ----------------------------------------------
08-15-2020 12:18:46.026 INFO  com.sanjayautomation.recipebook.testcases.TestRecipesPage - beforeClass - Application launched successfully
08-15-2020 12:18:46.328 INFO  com.sanjayautomation.recipebook.testcases.TestRecipesPage - test_shouldDisplayRecipesList_whenUserInLandingPage - Test Passed
08-15-2020 12:18:46.537 INFO  com.sanjayautomation.recipebook.testcases.TestRecipesPage - afterClass - Browser terminated
08-15-2020 12:18:46.537 INFO  com.sanjayautomation.recipebook.testcases.TestRecipesPage - afterClass - ----------------------------------------------
08-15-2020 12:18:48.781 INFO  com.sanjayautomation.recipebook.testcases.TestShoppingListPage - beforeClass - Application launched successfully
08-15-2020 12:18:48.806 INFO  com.sanjayautomation.recipebook.utilities.WebEventListener - beforeClickOn - Trying to click on: [[ChromeDriver: chrome on MAC (7fc8d71d4eac5074b919ccafa12f16c6)] -> xpath: //a[contains(text(), 'Shopping List')]]
08-15-2020 12:18:49.090 INFO  com.sanjayautomation.recipebook.testcases.TestShoppingListPage - test_shouldDisableAddButton_WhenOnlyNameIsEngered - Test passed
08-15-2020 12:18:49.317 INFO  com.sanjayautomation.recipebook.testcases.TestShoppingListPage - tearDown - Browser terminated
08-15-2020 12:18:49.318 INFO  com.sanjayautomation.recipebook.testcases.TestShoppingListPage - tearDown - ----------------------------------------------
08-15-2020 12:18:51.538 INFO  com.sanjayautomation.recipebook.testcases.TestRecipesPage - beforeClass - Application launched successfully
08-15-2020 12:18:51.589 INFO  com.sanjayautomation.recipebook.testcases.TestRecipesPage - test_shouldDisplayText_whenUserInLandingPage - Test Passed
08-15-2020 12:18:51.782 INFO  com.sanjayautomation.recipebook.testcases.TestRecipesPage - afterClass - Browser terminated
08-15-2020 12:18:51.782 INFO  com.sanjayautomation.recipebook.testcases.TestRecipesPage - afterClass - ----------------------------------------------
08-15-2020 12:18:54.033 INFO  com.sanjayautomation.recipebook.testcases.TestShoppingListPage - beforeClass - Application launched successfully
08-15-2020 12:18:54.059 INFO  com.sanjayautomation.recipebook.utilities.WebEventListener - beforeClickOn - Trying to click on: [[ChromeDriver: chrome on MAC (32b10ab1572e0049f9e5e5522187221f)] -> xpath: //a[contains(text(), 'Shopping List')]]
08-15-2020 12:18:54.372 INFO  com.sanjayautomation.recipebook.testcases.TestShoppingListPage - test_shouldDisableAddButton_WhenAmountIsNotNumber - Test passed
08-15-2020 12:18:54.618 INFO  com.sanjayautomation.recipebook.testcases.TestShoppingListPage - tearDown - Browser terminated
08-15-2020 12:18:54.618 INFO  com.sanjayautomation.recipebook.testcases.TestShoppingListPage - tearDown - ----------------------------------------------
08-15-2020 12:18:56.864 INFO  com.sanjayautomation.recipebook.testcases.TestRecipesPage - beforeClass - Application launched successfully
08-15-2020 12:18:56.894 INFO  com.sanjayautomation.recipebook.utilities.WebEventListener - beforeClickOn - Trying to click on: [[ChromeDriver: chrome on MAC (9145f4bf05d35d5402a7a18e8c197f25)] -> xpath: //button[contains(.,'New Recipe')]]
08-15-2020 12:18:57.572 INFO  com.sanjayautomation.recipebook.utilities.WebEventListener - beforeClickOn - Trying to click on: [[ChromeDriver: chrome on MAC (9145f4bf05d35d5402a7a18e8c197f25)] -> xpath: //button[contains(text(), 'Save')]]
08-15-2020 12:18:57.740 INFO  com.sanjayautomation.recipebook.testcases.TestRecipesPage - test_shouldAddNewRecipe_whenCorrectValuesEntered - Test Passed
08-15-2020 12:18:57.931 INFO  com.sanjayautomation.recipebook.testcases.TestRecipesPage - afterClass - Browser terminated
08-15-2020 12:18:57.931 INFO  com.sanjayautomation.recipebook.testcases.TestRecipesPage - afterClass - ----------------------------------------------
