08-15-2020 02:10:00.491 INFO  com.sanjayautomation.recipebook.testcases.TestShoppingListPage - beforeClass - Application launched successfully
08-15-2020 02:10:00.533 INFO  com.sanjayautomation.recipebook.utilities.WebEventListener - beforeClickOn - Trying to click on: [[ChromeDriver: chrome on MAC (543b36c842c2fadc0a3562adebaab078)] -> xpath: //a[contains(text(), 'Shopping List')]]
08-15-2020 02:10:00.909 INFO  com.sanjayautomation.recipebook.testcases.TestShoppingListPage - test_shouldDisableAddButton_WhenOnlyNameIsEngered - Test passed
08-15-2020 02:10:01.142 INFO  com.sanjayautomation.recipebook.testcases.TestShoppingListPage - tearDown - Browser terminated
08-15-2020 02:10:01.143 INFO  com.sanjayautomation.recipebook.testcases.TestShoppingListPage - tearDown - ----------------------------------------------
08-15-2020 02:10:03.781 INFO  com.sanjayautomation.recipebook.testcases.TestShoppingListPage - beforeClass - Application launched successfully
08-15-2020 02:10:03.817 INFO  com.sanjayautomation.recipebook.utilities.WebEventListener - beforeClickOn - Trying to click on: [[ChromeDriver: chrome on MAC (c479cdabe982113a1f75d138a7bb857f)] -> xpath: //a[contains(text(), 'Shopping List')]]
08-15-2020 02:10:04.216 INFO  com.sanjayautomation.recipebook.testcases.TestShoppingListPage - test_shouldDisableAddButton_WhenAmountIsNotNumber - Test passed
08-15-2020 02:10:04.460 INFO  com.sanjayautomation.recipebook.testcases.TestShoppingListPage - tearDown - Browser terminated
08-15-2020 02:10:04.460 INFO  com.sanjayautomation.recipebook.testcases.TestShoppingListPage - tearDown - ----------------------------------------------
08-15-2020 02:10:47.916 INFO  com.sanjayautomation.recipebook.testcases.TestRecipesPage - beforeClass - Application launched successfully
08-15-2020 02:10:47.985 INFO  com.sanjayautomation.recipebook.testcases.TestRecipesPage - test_shouldDisplayText_whenUserInLandingPage - Test Passed
08-15-2020 02:10:48.220 INFO  com.sanjayautomation.recipebook.testcases.TestRecipesPage - afterClass - Browser terminated
08-15-2020 02:10:48.221 INFO  com.sanjayautomation.recipebook.testcases.TestRecipesPage - afterClass - ----------------------------------------------
08-15-2020 02:10:50.547 INFO  com.sanjayautomation.recipebook.testcases.TestRecipesPage - beforeClass - Application launched successfully
08-15-2020 02:10:50.851 INFO  com.sanjayautomation.recipebook.testcases.TestRecipesPage - test_shouldDisplayRecipesList_whenUserInLandingPage - Test Passed
08-15-2020 02:10:51.104 INFO  com.sanjayautomation.recipebook.testcases.TestRecipesPage - afterClass - Browser terminated
08-15-2020 02:10:51.105 INFO  com.sanjayautomation.recipebook.testcases.TestRecipesPage - afterClass - ----------------------------------------------
08-15-2020 02:10:53.524 INFO  com.sanjayautomation.recipebook.testcases.TestRecipesPage - beforeClass - Application launched successfully
08-15-2020 02:10:53.556 INFO  com.sanjayautomation.recipebook.utilities.WebEventListener - beforeClickOn - Trying to click on: [[ChromeDriver: chrome on MAC (8f26a05e204902d45803f98b0c947ddf)] -> xpath: //button[contains(.,'New Recipe')]]
08-15-2020 02:10:54.396 INFO  com.sanjayautomation.recipebook.utilities.WebEventListener - beforeClickOn - Trying to click on: [[ChromeDriver: chrome on MAC (8f26a05e204902d45803f98b0c947ddf)] -> xpath: //button[contains(text(), 'Save')]]
08-15-2020 02:10:54.652 INFO  com.sanjayautomation.recipebook.testcases.TestRecipesPage - test_shouldAddNewRecipe_whenCorrectValuesEntered - Test Passed
08-15-2020 02:10:54.867 INFO  com.sanjayautomation.recipebook.testcases.TestRecipesPage - afterClass - Browser terminated
08-15-2020 02:10:54.867 INFO  com.sanjayautomation.recipebook.testcases.TestRecipesPage - afterClass - ----------------------------------------------
08-15-2020 02:10:58.382 INFO  com.sanjayautomation.recipebook.testcases.TestRecipesPage - beforeClass - Application launched successfully
08-15-2020 02:10:58.409 INFO  com.sanjayautomation.recipebook.utilities.WebEventListener - beforeClickOn - Trying to click on: [[ChromeDriver: chrome on MAC (96a6151a81b76de5f82c24614976691d)] -> xpath: //button[contains(.,'New Recipe')]]
08-15-2020 02:10:59.362 INFO  com.sanjayautomation.recipebook.utilities.WebEventListener - beforeClickOn - Trying to click on: [[ChromeDriver: chrome on MAC (96a6151a81b76de5f82c24614976691d)] -> xpath: //button[contains(text(), 'Save')]]
08-15-2020 02:10:59.549 INFO  com.sanjayautomation.recipebook.testcases.TestRecipesPage - test_shouldAddMultipleNewRecipes_whenCorrectValuesEnteredOneAfterAnother - Test Passed
08-15-2020 02:10:59.756 INFO  com.sanjayautomation.recipebook.testcases.TestRecipesPage - afterClass - Browser terminated
08-15-2020 02:10:59.757 INFO  com.sanjayautomation.recipebook.testcases.TestRecipesPage - afterClass - ----------------------------------------------
